# JRE version: Java(TM) SE Runtime Environment (8.0_191-b12) (build 1.8.0_191-b12)
# Java VM: Java HotSpot(TM) Client VM (25.191-b12 mixed mode windows-x86 )
Heap:
 def new generation   total 4928K, used 2502K [0x04e00000, 0x05350000, 0x0a350000)
  eden space 4416K,  51% used [0x04e00000, 0x05036f10, 0x05250000)
  from space 512K,  45% used [0x052d0000, 0x0530ac60, 0x05350000)
  to   space 512K,   0% used [0x05250000, 0x05250000, 0x052d0000)
 tenured generation   total 10944K, used 5130K [0x0a350000, 0x0ae00000, 0x14e00000)
   the space 10944K,  46% used [0x0a350000, 0x0a852930, 0x0a852a00, 0x0ae00000)
 Metaspace       used 8327K, capacity 8515K, committed 8576K, reserved 8576K
GC Heap History (10 events):
Event: 23.020 GC heap before
{Heap before GC invocations=28 (full 0):
 def new generation   total 4928K, used 4650K [0x04e00000, 0x05350000, 0x0a350000)
  eden space 4416K, 100% used [0x04e00000, 0x05250000, 0x05250000)
  from space 512K,  45% used [0x05250000, 0x0528aa08, 0x052d0000)
  to   space 512K,   0% used [0x052d0000, 0x052d0000, 0x05350000)
 tenured generation   total 10944K, used 5130K [0x0a350000, 0x0ae00000, 0x14e00000)
   the space 10944K,  46% used [0x0a350000, 0x0a852930, 0x0a852a00, 0x0ae00000)
 Metaspace       used 8322K, capacity 8515K, committed 8576K, reserved 8576K
Event: 23.024 GC heap after
Heap after GC invocations=29 (full 0):
 def new generation   total 4928K, used 235K [0x04e00000, 0x05350000, 0x0a350000)
  eden space 4416K,   0% used [0x04e00000, 0x04e00000, 0x05250000)
  from space 512K,  45% used [0x052d0000, 0x0530ac20, 0x05350000)
  to   space 512K,   0% used [0x05250000, 0x05250000, 0x052d0000)
 tenured generation   total 10944K, used 5130K [0x0a350000, 0x0ae00000, 0x14e00000)
   the space 10944K,  46% used [0x0a350000, 0x0a852930, 0x0a852a00, 0x0ae00000)
 Metaspace       used 8322K, capacity 8515K, committed 8576K, reserved 8576K
}
Event: 28.747 GC heap before
{Heap before GC invocations=29 (full 0):
 def new generation   total 4928K, used 4651K [0x04e00000, 0x05350000, 0x0a350000)
  eden space 4416K, 100% used [0x04e00000, 0x05250000, 0x05250000)
  from space 512K,  45% used [0x052d0000, 0x0530ac20, 0x05350000)
  to   space 512K,   0% used [0x05250000, 0x05250000, 0x052d0000)
 tenured generation   total 10944K, used 5130K [0x0a350000, 0x0ae00000, 0x14e00000)
   the space 10944K,  46% used [0x0a350000, 0x0a852930, 0x0a852a00, 0x0ae00000)
 Metaspace       used 8322K, capacity 8515K, committed 8576K, reserved 8576K
Event: 28.757 GC heap after
Heap after GC invocations=30 (full 0):
 def new generation   total 4928K, used 234K [0x04e00000, 0x05350000, 0x0a350000)
  eden space 4416K,   0% used [0x04e00000, 0x04e00000, 0x05250000)
  from space 512K,  45% used [0x05250000, 0x0528aa70, 0x052d0000)
  to   space 512K,   0% used [0x052d0000, 0x052d0000, 0x05350000)
 tenured generation   total 10944K, used 5130K [0x0a350000, 0x0ae00000, 0x14e00000)
   the space 10944K,  46% used [0x0a350000, 0x0a852930, 0x0a852a00, 0x0ae00000)
 Metaspace       used 8322K, capacity 8515K, committed 8576K, reserved 8576K
}
Event: 34.452 GC heap before
{Heap before GC invocations=30 (full 0):
 def new generation   total 4928K, used 4650K [0x04e00000, 0x05350000, 0x0a350000)
  eden space 4416K, 100% used [0x04e00000, 0x05250000, 0x05250000)
  from space 512K,  45% used [0x05250000, 0x0528aa70, 0x052d0000)
  to   space 512K,   0% used [0x052d0000, 0x052d0000, 0x05350000)
 tenured generation   total 10944K, used 5130K [0x0a350000, 0x0ae00000, 0x14e00000)
   the space 10944K,  46% used [0x0a350000, 0x0a852930, 0x0a852a00, 0x0ae00000)
 Metaspace       used 8322K, capacity 8515K, committed 8576K, reserved 8576K
Event: 34.455 GC heap after
Heap after GC invocations=31 (full 0):
 def new generation   total 4928K, used 235K [0x04e00000, 0x05350000, 0x0a350000)
  eden space 4416K,   0% used [0x04e00000, 0x04e00000, 0x05250000)
  from space 512K,  45% used [0x052d0000, 0x0530ad58, 0x05350000)
  to   space 512K,   0% used [0x05250000, 0x05250000, 0x052d0000)
 tenured generation   total 10944K, used 5130K [0x0a350000, 0x0ae00000, 0x14e00000)
   the space 10944K,  46% used [0x0a350000, 0x0a852930, 0x0a852a00, 0x0ae00000)
 Metaspace       used 8322K, capacity 8515K, committed 8576K, reserved 8576K
}
Event: 40.236 GC heap before
{Heap before GC invocations=31 (full 0):
 def new generation   total 4928K, used 4651K [0x04e00000, 0x05350000, 0x0a350000)
  eden space 4416K, 100% used [0x04e00000, 0x05250000, 0x05250000)
  from space 512K,  45% used [0x052d0000, 0x0530ad58, 0x05350000)
  to   space 512K,   0% used [0x05250000, 0x05250000, 0x052d0000)
 tenured generation   total 10944K, used 5130K [0x0a350000, 0x0ae00000, 0x14e00000)
   the space 10944K,  46% used [0x0a350000, 0x0a852930, 0x0a852a00, 0x0ae00000)
 Metaspace       used 8322K, capacity 8515K, committed 8576K, reserved 8576K
Event: 40.240 GC heap after
Heap after GC invocations=32 (full 0):
 def new generation   total 4928K, used 234K [0x04e00000, 0x05350000, 0x0a350000)
  eden space 4416K,   0% used [0x04e00000, 0x04e00000, 0x05250000)
  from space 512K,  45% used [0x05250000, 0x0528aae0, 0x052d0000)
  to   space 512K,   0% used [0x052d0000, 0x052d0000, 0x05350000)
 tenured generation   total 10944K, used 5130K [0x0a350000, 0x0ae00000, 0x14e00000)
   the space 10944K,  46% used [0x0a350000, 0x0a852930, 0x0a852a00, 0x0ae00000)
 Metaspace       used 8322K, capacity 8515K, committed 8576K, reserved 8576K
}
Event: 45.991 GC heap before
{Heap before GC invocations=32 (full 0):
 def new generation   total 4928K, used 4650K [0x04e00000, 0x05350000, 0x0a350000)
  eden space 4416K, 100% used [0x04e00000, 0x05250000, 0x05250000)
  from space 512K,  45% used [0x05250000, 0x0528aae0, 0x052d0000)
  to   space 512K,   0% used [0x052d0000, 0x052d0000, 0x05350000)
 tenured generation   total 10944K, used 5130K [0x0a350000, 0x0ae00000, 0x14e00000)
   the space 10944K,  46% used [0x0a350000, 0x0a852930, 0x0a852a00, 0x0ae00000)
 Metaspace       used 8322K, capacity 8515K, committed 8576K, reserved 8576K
Event: 45.992 GC heap after
Heap after GC invocations=33 (full 0):
 def new generation   total 4928K, used 235K [0x04e00000, 0x05350000, 0x0a350000)
  eden space 4416K,   0% used [0x04e00000, 0x04e00000, 0x05250000)
  from space 512K,  45% used [0x052d0000, 0x0530ac60, 0x05350000)
  to   space 512K,   0% used [0x05250000, 0x05250000, 0x052d0000)
 tenured generation   total 10944K, used 5130K [0x0a350000, 0x0ae00000, 0x14e00000)
   the space 10944K,  46% used [0x0a350000, 0x0a852930, 0x0a852a00, 0x0ae00000)
 Metaspace       used 8322K, capacity 8515K, committed 8576K, reserved 8576K
}

