# JRE version: Java(TM) SE Runtime Environment (8.0_191-b12) (build 1.8.0_191-b12)
# Java VM: Java HotSpot(TM) Client VM (25.191-b12 mixed mode windows-x86 )
Heap:
 def new generation   total 4928K, used 2517K [0x05000000, 0x05550000, 0x0a550000)
  eden space 4416K,  56% used [0x05000000, 0x052733c8, 0x05450000)
  from space 512K,   1% used [0x05450000, 0x05452070, 0x054d0000)
  to   space 512K,   0% used [0x054d0000, 0x054d0000, 0x05550000)
 tenured generation   total 10944K, used 5359K [0x0a550000, 0x0b000000, 0x15000000)
   the space 10944K,  48% used [0x0a550000, 0x0aa8bc30, 0x0aa8be00, 0x0b000000)
 Metaspace       used 8336K, capacity 8515K, committed 8576K, reserved 8576K
GC Heap History (10 events):
Event: 145.767 GC heap before
{Heap before GC invocations=47 (full 0):
 def new generation   total 4928K, used 4425K [0x05000000, 0x05550000, 0x0a550000)
  eden space 4416K, 100% used [0x05000000, 0x05450000, 0x05450000)
  from space 512K,   1% used [0x054d0000, 0x054d2550, 0x05550000)
  to   space 512K,   0% used [0x05450000, 0x05450000, 0x054d0000)
 tenured generation   total 10944K, used 5357K [0x0a550000, 0x0b000000, 0x15000000)
   the space 10944K,  48% used [0x0a550000, 0x0aa8b558, 0x0aa8b600, 0x0b000000)
 Metaspace       used 8327K, capacity 8515K, committed 8576K, reserved 8576K
Event: 145.771 GC heap after
Heap after GC invocations=48 (full 0):
 def new generation   total 4928K, used 9K [0x05000000, 0x05550000, 0x0a550000)
  eden space 4416K,   0% used [0x05000000, 0x05000000, 0x05450000)
  from space 512K,   1% used [0x05450000, 0x05452580, 0x054d0000)
  to   space 512K,   0% used [0x054d0000, 0x054d0000, 0x05550000)
 tenured generation   total 10944K, used 5357K [0x0a550000, 0x0b000000, 0x15000000)
   the space 10944K,  48% used [0x0a550000, 0x0aa8b760, 0x0aa8b800, 0x0b000000)
 Metaspace       used 8327K, capacity 8515K, committed 8576K, reserved 8576K
}
Event: 151.984 GC heap before
{Heap before GC invocations=48 (full 0):
 def new generation   total 4928K, used 4425K [0x05000000, 0x05550000, 0x0a550000)
  eden space 4416K, 100% used [0x05000000, 0x05450000, 0x05450000)
  from space 512K,   1% used [0x05450000, 0x05452580, 0x054d0000)
  to   space 512K,   0% used [0x054d0000, 0x054d0000, 0x05550000)
 tenured generation   total 10944K, used 5357K [0x0a550000, 0x0b000000, 0x15000000)
   the space 10944K,  48% used [0x0a550000, 0x0aa8b760, 0x0aa8b800, 0x0b000000)
 Metaspace       used 8327K, capacity 8515K, committed 8576K, reserved 8576K
Event: 151.985 GC heap after
Heap after GC invocations=49 (full 0):
 def new generation   total 4928K, used 8K [0x05000000, 0x05550000, 0x0a550000)
  eden space 4416K,   0% used [0x05000000, 0x05000000, 0x05450000)
  from space 512K,   1% used [0x054d0000, 0x054d2200, 0x05550000)
  to   space 512K,   0% used [0x05450000, 0x05450000, 0x054d0000)
 tenured generation   total 10944K, used 5357K [0x0a550000, 0x0b000000, 0x15000000)
   the space 10944K,  48% used [0x0a550000, 0x0aa8b760, 0x0aa8b800, 0x0b000000)
 Metaspace       used 8327K, capacity 8515K, committed 8576K, reserved 8576K
}
Event: 158.084 GC heap before
{Heap before GC invocations=49 (full 0):
 def new generation   total 4928K, used 4424K [0x05000000, 0x05550000, 0x0a550000)
  eden space 4416K, 100% used [0x05000000, 0x05450000, 0x05450000)
  from space 512K,   1% used [0x054d0000, 0x054d2200, 0x05550000)
  to   space 512K,   0% used [0x05450000, 0x05450000, 0x054d0000)
 tenured generation   total 10944K, used 5357K [0x0a550000, 0x0b000000, 0x15000000)
   the space 10944K,  48% used [0x0a550000, 0x0aa8b760, 0x0aa8b800, 0x0b000000)
 Metaspace       used 8327K, capacity 8515K, committed 8576K, reserved 8576K
Event: 158.084 GC heap after
Heap after GC invocations=50 (full 0):
 def new generation   total 4928K, used 8K [0x05000000, 0x05550000, 0x0a550000)
  eden space 4416K,   0% used [0x05000000, 0x05000000, 0x05450000)
  from space 512K,   1% used [0x05450000, 0x054521a8, 0x054d0000)
  to   space 512K,   0% used [0x054d0000, 0x054d0000, 0x05550000)
 tenured generation   total 10944K, used 5358K [0x0a550000, 0x0b000000, 0x15000000)
   the space 10944K,  48% used [0x0a550000, 0x0aa8b838, 0x0aa8ba00, 0x0b000000)
 Metaspace       used 8327K, capacity 8515K, committed 8576K, reserved 8576K
}
Event: 164.223 GC heap before
{Heap before GC invocations=50 (full 0):
 def new generation   total 4928K, used 4424K [0x05000000, 0x05550000, 0x0a550000)
  eden space 4416K, 100% used [0x05000000, 0x05450000, 0x05450000)
  from space 512K,   1% used [0x05450000, 0x054521a8, 0x054d0000)
  to   space 512K,   0% used [0x054d0000, 0x054d0000, 0x05550000)
 tenured generation   total 10944K, used 5358K [0x0a550000, 0x0b000000, 0x15000000)
   the space 10944K,  48% used [0x0a550000, 0x0aa8b838, 0x0aa8ba00, 0x0b000000)
 Metaspace       used 8327K, capacity 8515K, committed 8576K, reserved 8576K
Event: 164.227 GC heap after
Heap after GC invocations=51 (full 0):
 def new generation   total 4928K, used 7K [0x05000000, 0x05550000, 0x0a550000)
  eden space 4416K,   0% used [0x05000000, 0x05000000, 0x05450000)
  from space 512K,   1% used [0x054d0000, 0x054d1e58, 0x05550000)
  to   space 512K,   0% used [0x05450000, 0x05450000, 0x054d0000)
 tenured generation   total 10944K, used 5359K [0x0a550000, 0x0b000000, 0x15000000)
   the space 10944K,  48% used [0x0a550000, 0x0aa8bc30, 0x0aa8be00, 0x0b000000)
 Metaspace       used 8327K, capacity 8515K, committed 8576K, reserved 8576K
}
Event: 170.368 GC heap before
{Heap before GC invocations=51 (full 0):
 def new generation   total 4928K, used 4423K [0x05000000, 0x05550000, 0x0a550000)
  eden space 4416K, 100% used [0x05000000, 0x05450000, 0x05450000)
  from space 512K,   1% used [0x054d0000, 0x054d1e58, 0x05550000)
  to   space 512K,   0% used [0x05450000, 0x05450000, 0x054d0000)
 tenured generation   total 10944K, used 5359K [0x0a550000, 0x0b000000, 0x15000000)
   the space 10944K,  48% used [0x0a550000, 0x0aa8bc30, 0x0aa8be00, 0x0b000000)
 Metaspace       used 8327K, capacity 8515K, committed 8576K, reserved 8576K
Event: 170.369 GC heap after
Heap after GC invocations=52 (full 0):
 def new generation   total 4928K, used 8K [0x05000000, 0x05550000, 0x0a550000)
  eden space 4416K,   0% used [0x05000000, 0x05000000, 0x05450000)
  from space 512K,   1% used [0x05450000, 0x05452070, 0x054d0000)
  to   space 512K,   0% used [0x054d0000, 0x054d0000, 0x05550000)
 tenured generation   total 10944K, used 5359K [0x0a550000, 0x0b000000, 0x15000000)
   the space 10944K,  48% used [0x0a550000, 0x0aa8bc30, 0x0aa8be00, 0x0b000000)
 Metaspace       used 8327K, capacity 8515K, committed 8576K, reserved 8576K
}

